#
# There is insufficient memory for the Java Runtime Environment to continue.
# Native memory allocation (mmap) failed to map 268435456 bytes. Error detail: G1 virtual space
# Possible reasons:
#   The system is out of physical RAM or swap space
#   This process is running with CompressedOops enabled, and the Java Heap may be blocking the growth of the native heap
# Possible solutions:
#   Reduce memory load on the system
#   Increase physical memory or swap space
#   Check if swap backing store is full
#   Decrease Java heap size (-Xmx/-Xms)
#   Decrease number of Java threads
#   Decrease Java thread stack sizes (-Xss)
#   Set larger code cache with -XX:ReservedCodeCacheSize=
#   JVM is running with Zero Based Compressed Oops mode in which the Java heap is
#     placed in the first 32GB address space. The Java Heap base address is the
#     maximum limit for the native heap growth. Please use -XX:HeapBaseMinAddress
#     to set the Java Heap base and to place the Java Heap above 32GB virtual address.
# This output file may be truncated or incomplete.
#
#  Out of Memory Error (os_windows.cpp:3828), pid=15016, tid=31412
#
# JRE version:  (21.0.5+8) (build )
# Java VM: OpenJDK 64-Bit Server VM (21.0.5+8-b631.30, mixed mode, sharing, tiered, compressed oops, compressed class ptrs, g1 gc, windows-amd64)
# No core dump will be written. Minidumps are not enabled by default on client versions of Windows
#

---------------  S U M M A R Y ------------

Command Line: git4idea.http.GitAskPassApp Username for 'https://github.com': 

Host: AMD Ryzen 5 5600X 6-Core Processor             , 12 cores, 15G,  Windows 10 , 64 bit Build 19041 (10.0.19041.5198)
Time: Sun Feb  2 21:14:51 2025 Jerusalem Standard Time elapsed time: 0.008255 seconds (0d 0h 0m 0s)

---------------  T H R E A D  ---------------

Current thread (0x0000026d7c261010):  JavaThread "Unknown thread" [_thread_in_vm, id=31412, stack(0x000000f541800000,0x000000f541900000) (1024K)]

Stack: [0x000000f541800000,0x000000f541900000]
Native frames: (J=compiled Java code, j=interpreted, Vv=VM code, C=native code)
V  [jvm.dll+0x6e52b9]
V  [jvm.dll+0x8c3633]
V  [jvm.dll+0x8c5b8e]
V  [jvm.dll+0x8c6273]
V  [jvm.dll+0x288f46]
V  [jvm.dll+0x6e1a35]
V  [jvm.dll+0x6d5e3a]
V  [jvm.dll+0x3634bb]
V  [jvm.dll+0x36b086]
V  [jvm.dll+0x3bd346]
V  [jvm.dll+0x3bd618]
V  [jvm.dll+0x335c2c]
V  [jvm.dll+0x33691b]
V  [jvm.dll+0x88aa89]
V  [jvm.dll+0x3ca518]
V  [jvm.dll+0x873b98]
V  [jvm.dll+0x45eede]
V  [jvm.dll+0x460bc1]
C  [jli.dll+0x52ab]
C  [ucrtbase.dll+0x21bb2]
C  [KERNEL32.DLL+0x17374]
C  [ntdll.dll+0x4cc91]


---------------  P R O C E S S  ---------------

Threads class SMR info:
_java_thread_list=0x00007ff94ea1a148, length=0, elements={
}

Java Threads: ( => current thread )
Total: 0

Other Threads:
  0x0000026d7e3f2540 WorkerThread "GC Thread#0"                     [id=29636, stack(0x000000f541900000,0x000000f541a00000) (1024K)]
  0x0000026d7e404620 ConcurrentGCThread "G1 Main Marker"            [id=15796, stack(0x000000f541a00000,0x000000f541b00000) (1024K)]
  0x0000026d7e4058c0 WorkerThread "G1 Conc#0"                       [id=20852, stack(0x000000f541b00000,0x000000f541c00000) (1024K)]

[error occurred during error reporting (printing all threads), id 0xc0000005, EXCEPTION_ACCESS_VIOLATION (0xc0000005) at pc=0x00007ff94e108ce7]
VM state: not at safepoint (not fully initialized)

VM Mutex/Monitor currently owned by a thread:  ([mutex/lock_event])
[0x00007ff94ea8eb30] Heap_lock - owner thread: 0x0000026d7c261010

Heap address: 0x0000000700c00000, size: 4084 MB, Compressed Oops mode: Zero based, Oop shift amount: 3

CDS archive(s) mapped at: [0x0000000000000000-0x0000000000000000-0x0000000000000000), size 0, SharedBaseAddress: 0x0000000800000000, ArchiveRelocationMode: 1.
Narrow klass base: 0x0000000000000000, Narrow klass shift: 0, Narrow klass range: 0x0

GC Precious Log:
 CardTable entry size: 512
 Card Set container configuration: InlinePtr #cards 4 size 8 Array Of Cards #cards 16 size 48 Howl #buckets 8 coarsen threshold 3686 Howl Bitmap #cards 512 size 80 coarsen threshold 460 Card regions per heap region 1 cards per card region 4096

Heap:
 garbage-first heap   total 0K, used 0K [0x0000000700c00000, 0x0000000800000000)
  region size 2048K, 0 young (0K), 0 survivors (0K)
 Metaspace       used 0K, committed 0K, reserved 0K
  class space    used 0K, committed 0K, reserved 0K

Heap Regions: E=young(eden), S=young(survivor), O=old, HS=humongous(starts), HC=humongous(continues), CS=collection set, F=free, TAMS=top-at-mark-start, PB=parsable bottom

Card table byte_map: [0x0000026d7f1b0000,0x0000026d7f9b0000] _byte_map_base: 0x0000026d7b9aa000

Marking Bits: (CMBitMap*) 0x0000026d7e3f2c40
 Bits: [0x0000026d12ed0000, 0x0000026d16ea0000)

GC Heap History (0 events):
No events

Dll operation events (1 events):
Event: 0.004 Loaded shared library C:\Users\User\AppData\Local\Programs\CLion\jbr\bin\java.dll

Deoptimization events (0 events):
No events

Classes loaded (0 events):
No events

Classes unloaded (0 events):
No events

Classes redefined (0 events):
No events

Internal exceptions (0 events):
No events

ZGC Phase Switch (0 events):
No events

VM Operations (0 events):
No events

Memory protections (0 events):
No events

Nmethod flushes (0 events):
No events

Events (0 events):
No events


Dynamic libraries:
0x00007ff6a2930000 - 0x00007ff6a293a000 	C:\Users\User\AppData\Local\Programs\CLion\jbr\bin\java.exe
0x00007ff9ddc50000 - 0x00007ff9dde48000 	C:\Windows\SYSTEM32\ntdll.dll
0x00007ff9ddb40000 - 0x00007ff9ddc02000 	C:\Windows\System32\KERNEL32.DLL
0x00007ff9db5f0000 - 0x00007ff9db8ef000 	C:\Windows\System32\KERNELBASE.dll
0x00007ff9dbb60000 - 0x00007ff9dbc60000 	C:\Windows\System32\ucrtbase.dll
0x00007ff9c18d0000 - 0x00007ff9c18eb000 	C:\Users\User\AppData\Local\Programs\CLion\jbr\bin\VCRUNTIME140.dll
0x00007ff956b10000 - 0x00007ff956b28000 	C:\Users\User\AppData\Local\Programs\CLion\jbr\bin\jli.dll
0x00007ff9dd050000 - 0x00007ff9dd1ed000 	C:\Windows\System32\USER32.dll
0x00007ff9c89b0000 - 0x00007ff9c8c4a000 	C:\Windows\WinSxS\amd64_microsoft.windows.common-controls_6595b64144ccf1df_6.0.19041.4355_none_60b8b9eb71f62e16\COMCTL32.dll
0x00007ff9db9a0000 - 0x00007ff9db9c2000 	C:\Windows\System32\win32u.dll
0x00007ff9dcea0000 - 0x00007ff9dcf3e000 	C:\Windows\System32\msvcrt.dll
0x00007ff9dd1f0000 - 0x00007ff9dd21b000 	C:\Windows\System32\GDI32.dll
0x00007ff9db370000 - 0x00007ff9db487000 	C:\Windows\System32\gdi32full.dll
0x00007ff9dba70000 - 0x00007ff9dbb0d000 	C:\Windows\System32\msvcp_win.dll
0x00007ff9dd020000 - 0x00007ff9dd04f000 	C:\Windows\System32\IMM32.DLL
0x00007ff9cd4b0000 - 0x00007ff9cd4bc000 	C:\Users\User\AppData\Local\Programs\CLion\jbr\bin\vcruntime140_1.dll
0x00007ff951160000 - 0x00007ff9511ed000 	C:\Users\User\AppData\Local\Programs\CLion\jbr\bin\msvcp140.dll
0x00007ff94ddc0000 - 0x00007ff94eb81000 	C:\Users\User\AppData\Local\Programs\CLion\jbr\bin\server\jvm.dll
0x00007ff9dc800000 - 0x00007ff9dc8b1000 	C:\Windows\System32\ADVAPI32.dll
0x00007ff9dcc40000 - 0x00007ff9dccdf000 	C:\Windows\System32\sechost.dll
0x00007ff9dda10000 - 0x00007ff9ddb33000 	C:\Windows\System32\RPCRT4.dll
0x00007ff9db9d0000 - 0x00007ff9db9f7000 	C:\Windows\System32\bcrypt.dll
0x00007ff9dd3f0000 - 0x00007ff9dd45b000 	C:\Windows\System32\WS2_32.dll
0x00007ff9db1c0000 - 0x00007ff9db20b000 	C:\Windows\SYSTEM32\POWRPROF.dll
0x00007ff9d6430000 - 0x00007ff9d643a000 	C:\Windows\SYSTEM32\VERSION.dll
0x00007ff9d1400000 - 0x00007ff9d1427000 	C:\Windows\SYSTEM32\WINMM.dll
0x00007ff9db190000 - 0x00007ff9db1a2000 	C:\Windows\SYSTEM32\UMPDC.dll
0x00007ff9d9180000 - 0x00007ff9d9192000 	C:\Windows\SYSTEM32\kernel.appcore.dll
0x00007ff9c18c0000 - 0x00007ff9c18ca000 	C:\Users\User\AppData\Local\Programs\CLion\jbr\bin\jimage.dll
0x00007ff9d0a60000 - 0x00007ff9d0c44000 	C:\Windows\SYSTEM32\DBGHELP.DLL
0x00007ff9ba0c0000 - 0x00007ff9ba0f4000 	C:\Windows\SYSTEM32\dbgcore.DLL
0x00007ff9db2e0000 - 0x00007ff9db362000 	C:\Windows\System32\bcryptPrimitives.dll
0x00007ff9c1650000 - 0x00007ff9c1670000 	C:\Users\User\AppData\Local\Programs\CLion\jbr\bin\java.dll

dbghelp: loaded successfully - version: 4.0.5 - missing functions: none
symbol engine: initialized successfully - sym options: 0x614 - pdb path: .;C:\Users\User\AppData\Local\Programs\CLion\jbr\bin;C:\Windows\SYSTEM32;C:\Windows\WinSxS\amd64_microsoft.windows.common-controls_6595b64144ccf1df_6.0.19041.4355_none_60b8b9eb71f62e16;C:\Users\User\AppData\Local\Programs\CLion\jbr\bin\server

VM Arguments:
java_command: git4idea.http.GitAskPassApp Username for 'https://github.com': 
java_class_path (initial): C:/Users/User/AppData/Local/Programs/CLion/plugins/vcs-git/lib/git4idea-rt.jar;C:/Users/User/AppData/Local/Programs/CLion/lib/externalProcess-rt.jar
Launcher Type: SUN_STANDARD

[Global flags]
     intx CICompilerCount                          = 4                                         {product} {ergonomic}
     uint ConcGCThreads                            = 3                                         {product} {ergonomic}
     uint G1ConcRefinementThreads                  = 10                                        {product} {ergonomic}
   size_t G1HeapRegionSize                         = 2097152                                   {product} {ergonomic}
    uintx GCDrainStackTargetSize                   = 64                                        {product} {ergonomic}
   size_t InitialHeapSize                          = 268435456                                 {product} {ergonomic}
   size_t MarkStackSize                            = 4194304                                   {product} {ergonomic}
   size_t MaxHeapSize                              = 4282384384                                {product} {ergonomic}
   size_t MinHeapDeltaBytes                        = 2097152                                   {product} {ergonomic}
   size_t MinHeapSize                              = 8388608                                   {product} {ergonomic}
    uintx NonNMethodCodeHeapSize                   = 5839372                                {pd product} {ergonomic}
    uintx NonProfiledCodeHeapSize                  = 122909434                              {pd product} {ergonomic}
    uintx ProfiledCodeHeapSize                     = 122909434                              {pd product} {ergonomic}
    uintx ReservedCodeCacheSize                    = 251658240                              {pd product} {ergonomic}
     bool SegmentedCodeCache                       = true                                      {product} {ergonomic}
   size_t SoftMaxHeapSize                          = 4282384384                             {manageable} {ergonomic}
     bool UseCompressedOops                        = true                           {product lp64_product} {ergonomic}
     bool UseG1GC                                  = true                                      {product} {ergonomic}
     bool UseLargePagesIndividualAllocation        = false                                  {pd product} {ergonomic}

Logging:
Log output configuration:
 #0: stdout all=warning uptime,level,tags foldmultilines=false
 #1: stderr all=off uptime,level,tags foldmultilines=false

Environment Variables:
JAVA_HOME=C:\Users\User\AppData\Local\Programs\Eclipse Adoptium\jdk-17.0.11.9-hotspot\
PATH=C:/Program Files/Git/mingw64/libexec/git-core;C:/Program Files/Git/mingw64/libexec/git-core;C:\Program Files\Git\mingw64\bin;C:\Program Files\Git\usr\bin;C:\Users\User\bin;C:\Program Files\Common Files\Oracle\Java\javapath;C:\Windows\system32;C:\Windows;C:\Windows\System32\Wbem;C:\Windows\System32\WindowsPowerShell\v1.0\;C:\Windows\System32\OpenSSH\;C:\Program Files (x86)\NVIDIA Corporation\PhysX\Common;C:\Program Files (x86)\MKVToolNix;C:\Program Files\dotnet\;C:\Program Files\nodejs\;C:\Data\curl\bin;C:\sqlite;C:\Program Files\Git\cmd;C:\Users\User\AppData\Local\Programs\Eclipse Adoptium\jdk-17.0.11.9-hotspot\bin;C:\Users\User\AppData\Local\Programs\Python\Python311\Scripts\;C:\Users\User\AppData\Local\Programs\Python\Python311\;C:\Users\User\AppData\Local\Microsoft\WindowsApps;C:\ffmpeg\bin;C:\Users\User\AppData\Local\Programs\Microsoft VS Code\bin;C:\Users\User\.dotnet\tools;C:\Users\User\AppData\Roaming\npm;C:\Users\User\AppData\Local\JetBrains\Toolbox\scripts
USERNAME=User
DISPLAY=:0.0
LC_ALL=en_US.UTF-8
TERM=xterm-256color
TMPDIR=C:\Users\User\AppData\Local\Temp
OS=Windows_NT
PROCESSOR_IDENTIFIER=AMD64 Family 25 Model 33 Stepping 0, AuthenticAMD
TMP=C:\Users\User\AppData\Local\Temp
TEMP=C:\Users\User\AppData\Local\Temp




Periodic native trim disabled

JNI global refs:
JNI global refs: 0, weak refs: 0

JNI global refs memory usage: 0, weak refs: 0

Process memory usage:
Resident Set Size: 10936K (0% of 16720104K total physical memory with 255600K free physical memory)

OOME stack traces (most recent first):
Classloader memory used:

---------------  S Y S T E M  ---------------

OS:
 Windows 10 , 64 bit Build 19041 (10.0.19041.5198)
OS uptime: 10 days 23:56 hours

CPU: total 12 (initial active 12) (12 cores per cpu, 2 threads per core) family 25 model 33 stepping 0 microcode 0x0, cx8, cmov, fxsr, ht, mmx, 3dnowpref, sse, sse2, sse3, ssse3, sse4a, sse4.1, sse4.2, popcnt, lzcnt, tsc, tscinvbit, avx, avx2, aes, erms, clmul, bmi1, bmi2, adx, sha, fma, vzeroupper, clflush, clflushopt, rdtscp, rdpid, fsrm, f16c, pku, cet_ss
Processor Information for all 12 processors :
  Max Mhz: 3701, Current Mhz: 3701, Mhz Limit: 3701

Memory: 4k page, system-wide physical 16328M (249M free)
TotalPageFile size 65480M (AvailPageFile size 72M)
current process WorkingSet (physical memory assigned to process): 10M, peak: 10M
current process commit charge ("private bytes"): 64M, peak: 320M

vm_info: OpenJDK 64-Bit Server VM (21.0.5+8-b631.30) for windows-amd64 JRE (21.0.5+8-b631.30), built on 2024-12-06 by "builduser" with MS VC++ 16.10 / 16.11 (VS2019)

END.
